<?xml version="1.0" encoding="UTF-8"?>
<!-- Generated by org.testng.reporters.JUnitReportReporter -->
<testsuite hostname="LAPTOP-GBALTSM6" name="script.DemoA" tests="1" failures="0" timestamp="4 Oct 2018 18:54:50 GMT" time="26.365" errors="0">
  <testcase name="testA" time="26.365" classname="script.DemoA"/>
</testsuite> <!-- script.DemoA -->
